<?xml version="1.0" encoding="UTF-8"?>
<testng-results skipped="0" failed="0" ignored="0" total="2" passed="2">
  <reporter-output>
  </reporter-output>
  <suite name="Default suite" duration-ms="4642" started-at="2021-10-04T12:13:10 IST" finished-at="2021-10-04T12:13:15 IST">
    <groups>
    </groups>
    <test name="Default test" duration-ms="4642" started-at="2021-10-04T12:13:10 IST" finished-at="2021-10-04T12:13:15 IST">
      <class name="getRequest.Getdata">
        <test-method status="PASS" signature="testBody()[pri:0, instance:getRequest.Getdata@396f6598]" name="testBody" duration-ms="2401" started-at="2021-10-04T12:13:10 IST" finished-at="2021-10-04T12:13:13 IST">
          <reporter-output>
          </reporter-output>
        </test-method> <!-- testBody -->
        <test-method status="PASS" signature="testResponsecode()[pri:0, instance:getRequest.Getdata@396f6598]" name="testResponsecode" duration-ms="2196" started-at="2021-10-04T12:13:13 IST" finished-at="2021-10-04T12:13:15 IST">
          <reporter-output>
          </reporter-output>
        </test-method> <!-- testResponsecode -->
      </class> <!-- getRequest.Getdata -->
    </test> <!-- Default test -->
  </suite> <!-- Default suite -->
</testng-results>
